<?xml version="1.0" encoding="UTF-8"?>
<!-- Generated by org.testng.reporters.JUnitReportReporter -->
<testsuite skipped="0" hostname="Divya-Sajjan" name="Users.updateRequest.UpdateRequest" tests="1" failures="0" timestamp="10 Jan 2019 12:08:25 GMT" time="55.231" errors="0">
  <testcase name="updateUser" time="55.231" classname="Users.updateRequest.UpdateRequest"/>
</testsuite> <!-- Users.updateRequest.UpdateRequest -->
