<?xml version="1.0" encoding="UTF-8"?>
<!-- Generated by org.testng.reporters.JUnitReportReporter -->
<testsuite skipped="0" hostname="Divya-Sajjan" name="Users.deleteRequest.DeleteRequest" tests="1" failures="0" timestamp="10 Jan 2019 12:17:25 GMT" time="19.331" errors="0">
  <testcase name="deleteTest" time="19.331" classname="Users.deleteRequest.DeleteRequest"/>
</testsuite> <!-- Users.deleteRequest.DeleteRequest -->
