<?xml version="1.0" encoding="UTF-8"?>
<!-- Generated by org.testng.reporters.JUnitReportReporter -->
<testsuite skipped="0" hostname="Divya-Sajjan" name="cTAF_Automation.cTAF.AppTest" tests="1" failures="0" timestamp="10 Jan 2019 06:05:14 GMT" time="0.013" errors="0">
  <testcase name="shouldAnswerWithTrue" time="0.013" classname="cTAF_Automation.cTAF.AppTest"/>
</testsuite> <!-- cTAF_Automation.cTAF.AppTest -->
