<?xml version="1.0" encoding="UTF-8"?>
<!-- Generated by org.testng.reporters.JUnitReportReporter -->
<testsuite skipped="0" hostname="Divya-Sajjan" name="Users.getRequest.GetCall" tests="1" failures="0" timestamp="10 Jan 2019 11:00:29 GMT" time="2.509" errors="0">
  <testcase name="getRequestUserPage" time="2.509" classname="Users.getRequest.GetCall"/>
</testsuite> <!-- Users.getRequest.GetCall -->
